<?xml version="1.0" encoding="UTF-8"?>
<!-- Generated by org.testng.reporters.JUnitReportReporter -->
<testsuite hostname="LAPTOP-O1IA0A5B" failures="0" tests="10" name="com.tutorialsninja.qa.TestCases.pt2.LoginTest" time="95.639" errors="0" timestamp="2024-01-04T11:13:58 EST" skipped="0">
  <testcase classname="com.tutorialsninja.qa.TestCases.pt2.LoginTest" name="verifyLoginWithValidCredentials" time="9.061"/>
  <testcase classname="com.tutorialsninja.qa.TestCases.pt2.LoginTest" name="verifyLoginWithValidCredentials" time="9.276"/>
  <testcase classname="com.tutorialsninja.qa.TestCases.pt2.LoginTest" name="verifyLoginWithValidCredentials" time="9.184"/>
  <testcase classname="com.tutorialsninja.qa.TestCases.pt2.LoginTest" name="verifyLoginWithValidCredentials" time="9.416"/>
  <testcase classname="com.tutorialsninja.qa.TestCases.pt2.LoginTest" name="verifyLoginWithValidCredentials" time="13.249"/>
  <testcase classname="com.tutorialsninja.qa.TestCases.pt2.LoginTest" name="verifyLoginWithValidCredentials" time="9.992"/>
  <testcase classname="com.tutorialsninja.qa.TestCases.pt2.LoginTest" name="verifyLoginWithInvalidCredentials" time="9.024"/>
  <testcase classname="com.tutorialsninja.qa.TestCases.pt2.LoginTest" name="verifyLoginWithValidEmailInvalidPassword" time="8.577"/>
  <testcase classname="com.tutorialsninja.qa.TestCases.pt2.LoginTest" name="verifyLoginWithInvalidEmailValidPassword" time="8.939"/>
  <testcase classname="com.tutorialsninja.qa.TestCases.pt2.LoginTest" name="verifyLoginWithNoCredentials" time="8.921"/>
</testsuite> <!-- com.tutorialsninja.qa.TestCases.pt2.LoginTest -->
