<?xml version="1.0" encoding="UTF-8"?>
<!-- Generated by org.testng.reporters.JUnitReportReporter -->
<testsuite hostname="LAPTOP-O1IA0A5B" failures="0" tests="5" name="com.tutorialsninja.qa.TestCases.pt2.RegisterTest" time="50.572" errors="0" timestamp="2024-01-04T11:13:58 EST" skipped="0">
  <testcase classname="com.tutorialsninja.qa.TestCases.pt2.RegisterTest" name="verifyRegisterWithMandatoryFields" time="10.539"/>
  <testcase classname="com.tutorialsninja.qa.TestCases.pt2.RegisterTest" name="verifyRegisterWithAllFields" time="10.740"/>
  <testcase classname="com.tutorialsninja.qa.TestCases.pt2.RegisterTest" name="verifyRegisterWithNoFields" time="9.363"/>
  <testcase classname="com.tutorialsninja.qa.TestCases.pt2.RegisterTest" name="verifyRegisterWithExistingEmail" time="9.833"/>
  <testcase classname="com.tutorialsninja.qa.TestCases.pt2.RegisterTest" name="verifyRegisterWithMismatchPassword" time="10.097"/>
</testsuite> <!-- com.tutorialsninja.qa.TestCases.pt2.RegisterTest -->
