<?xml version="1.0" encoding="UTF-8"?>
<!-- Generated by org.testng.reporters.JUnitReportReporter -->
<testsuite hostname="LAPTOP-O1IA0A5B" failures="0" tests="3" name="com.tutorialsninja.qa.TestCases.pt2.SearchProductTest" time="24.226" errors="0" timestamp="2024-01-04T11:13:58 EST" skipped="0">
  <testcase classname="com.tutorialsninja.qa.TestCases.pt2.SearchProductTest" name="verifySearchWithValidProduct" time="8.376"/>
  <testcase classname="com.tutorialsninja.qa.TestCases.pt2.SearchProductTest" name="verifySearchWithInvalidProduct" time="7.746"/>
  <testcase classname="com.tutorialsninja.qa.TestCases.pt2.SearchProductTest" name="verifySearchWithNoProduct" time="8.104"/>
</testsuite> <!-- com.tutorialsninja.qa.TestCases.pt2.SearchProductTest -->
