<?xml version="1.0" encoding="UTF-8"?>
<!-- Generated by org.testng.reporters.JUnitReportReporter -->
<testsuite hostname="LAPTOP-O1IA0A5B" failures="0" tests="1" name="com.tutorialsninja.qa.TestCases.pt2.AddToCartTest" time="23.788" errors="0" timestamp="2024-01-04T11:13:58 EST" skipped="0">
  <testcase classname="com.tutorialsninja.qa.TestCases.pt2.AddToCartTest" name="addValidProductToCartTest" time="23.788"/>
</testsuite> <!-- com.tutorialsninja.qa.TestCases.pt2.AddToCartTest -->
